Flow report for InvAddRoundKey
Sun Apr 21 20:34:52 2024
Quartus Prime Version 21.1.0 Build 842 10/21/2021 SJ Lite Edition


---------------------
; Table of Contents ;
---------------------
  1. Legal Notice
  2. Flow Summary
  3. Flow Settings
  4. Flow Non-Default Global Settings
  5. Flow Elapsed Time
  6. Flow OS Summary
  7. Flow Log
  8. Flow Messages
  9. Flow Suppressed Messages



----------------
; Legal Notice ;
----------------
Copyright (C) 2021  Intel Corporation. All rights reserved.
Your use of Intel Corporation's design tools, logic functions 
and other software and tools, and any partner logic 
functions, and any output files from any of the foregoing 
(including device programming or simulation files), and any 
associated documentation or information are expressly subject 
to the terms and conditions of the Intel Program License 
Subscription Agreement, the Intel Quartus Prime License Agreement,
the Intel FPGA IP License Agreement, or other applicable license
agreement, including, without limitation, that your use is for
the sole purpose of programming logic devices manufactured by
Intel and sold by Intel or its authorized distributors.  Please
refer to the applicable agreement for further details, at
https://fpgasoftware.intel.com/eula.



+----------------------------------------------------------------------------------+
; Flow Summary                                                                     ;
+------------------------------------+---------------------------------------------+
; Flow Status                        ; Successful - Sun Apr 21 20:34:52 2024       ;
; Quartus Prime Version              ; 21.1.0 Build 842 10/21/2021 SJ Lite Edition ;
; Revision Name                      ; InvAddRoundKey                              ;
; Top-level Entity Name              ; InvAddRoundKey                              ;
; Family                             ; MAX 10                                      ;
; Device                             ; 10M50DAF484C7G                              ;
; Timing Models                      ; Final                                       ;
; Total logic elements               ; 131 / 49,760 ( < 1 % )                      ;
;     Total combinational functions  ; 130 / 49,760 ( < 1 % )                      ;
;     Dedicated logic registers      ; 2 / 49,760 ( < 1 % )                        ;
; Total registers                    ; 2                                           ;
; Total pins                         ; 259 / 360 ( 72 % )                          ;
; Total virtual pins                 ; 0                                           ;
; Total memory bits                  ; 0 / 1,677,312 ( 0 % )                       ;
; Embedded Multiplier 9-bit elements ; 0 / 288 ( 0 % )                             ;
; Total PLLs                         ; 0 / 4 ( 0 % )                               ;
; UFM blocks                         ; 0 / 1 ( 0 % )                               ;
; ADC blocks                         ; 0 / 2 ( 0 % )                               ;
+------------------------------------+---------------------------------------------+


+-----------------------------------------+
; Flow Settings                           ;
+-------------------+---------------------+
; Option            ; Setting             ;
+-------------------+---------------------+
; Start date & time ; 04/21/2024 20:33:49 ;
; Main task         ; Compilation         ;
; Revision Name     ; InvAddRoundKey      ;
+-------------------+---------------------+


+----------------------------------------------------------------------------------------------------------------------------------+
; Flow Non-Default Global Settings                                                                                                 ;
+--------------------------------------+----------------------------------------+---------------+-------------+--------------------+
; Assignment Name                      ; Value                                  ; Default Value ; Entity Name ; Section Id         ;
+--------------------------------------+----------------------------------------+---------------+-------------+--------------------+
; COMPILER_SIGNATURE_ID                ; 1098574647427.171375322927248          ; --            ; --          ; --                 ;
; EDA_DESIGN_INSTANCE_NAME             ; NA                                     ; --            ; --          ; InvAddRoundKey_tb3 ;
; EDA_DESIGN_INSTANCE_NAME             ; NA                                     ; --            ; --          ; InvAddRoundKey_tb2 ;
; EDA_DESIGN_INSTANCE_NAME             ; NA                                     ; --            ; --          ; InvAddRoundKey_tb1 ;
; EDA_NATIVELINK_SIMULATION_TEST_BENCH ; InvAddRoundKey_tb3                     ; --            ; --          ; eda_simulation     ;
; EDA_OUTPUT_DATA_FORMAT               ; Vhdl                                   ; --            ; --          ; eda_simulation     ;
; EDA_SIMULATION_TOOL                  ; Questa Intel FPGA (VHDL)               ; <None>        ; --          ; --                 ;
; EDA_TEST_BENCH_ENABLE_STATUS         ; TEST_BENCH_MODE                        ; --            ; --          ; eda_simulation     ;
; EDA_TEST_BENCH_FILE                  ; InvAddRoundKey_tb3.vhd                 ; --            ; --          ; InvAddRoundKey_tb3 ;
; EDA_TEST_BENCH_FILE                  ; InvAddRoundKey_tb2.vhd                 ; --            ; --          ; InvAddRoundKey_tb2 ;
; EDA_TEST_BENCH_FILE                  ; InvAddRoundKey_tb1.vhd                 ; --            ; --          ; InvAddRoundKey_tb1 ;
; EDA_TEST_BENCH_MODULE_NAME           ; InvAddRoundKey_tb3                     ; --            ; --          ; InvAddRoundKey_tb3 ;
; EDA_TEST_BENCH_MODULE_NAME           ; InvAddRoundKey_tb2                     ; --            ; --          ; InvAddRoundKey_tb2 ;
; EDA_TEST_BENCH_MODULE_NAME           ; InvAddRoundKey_tb1                     ; --            ; --          ; InvAddRoundKey_tb1 ;
; EDA_TEST_BENCH_NAME                  ; InvAddRoundKey_tb1                     ; --            ; --          ; eda_simulation     ;
; EDA_TEST_BENCH_NAME                  ; InvAddRoundKey_tb2                     ; --            ; --          ; eda_simulation     ;
; EDA_TEST_BENCH_NAME                  ; InvAddRoundKey_tb3                     ; --            ; --          ; eda_simulation     ;
; EDA_TEST_BENCH_RUN_SIM_FOR           ; 400 ns                                 ; --            ; --          ; InvAddRoundKey_tb3 ;
; EDA_TEST_BENCH_RUN_SIM_FOR           ; 400 ns                                 ; --            ; --          ; InvAddRoundKey_tb2 ;
; EDA_TEST_BENCH_RUN_SIM_FOR           ; 400 ns                                 ; --            ; --          ; InvAddRoundKey_tb1 ;
; EDA_TIME_SCALE                       ; 1 ps                                   ; --            ; --          ; eda_simulation     ;
; MAX_CORE_JUNCTION_TEMP               ; 85                                     ; --            ; --          ; --                 ;
; MIN_CORE_JUNCTION_TEMP               ; 0                                      ; --            ; --          ; --                 ;
; PARTITION_COLOR                      ; -- (Not supported for targeted family) ; --            ; --          ; Top                ;
; PARTITION_FITTER_PRESERVATION_LEVEL  ; -- (Not supported for targeted family) ; --            ; --          ; Top                ;
; PARTITION_NETLIST_TYPE               ; -- (Not supported for targeted family) ; --            ; --          ; Top                ;
; POWER_BOARD_THERMAL_MODEL            ; None (CONSERVATIVE)                    ; --            ; --          ; --                 ;
; POWER_PRESET_COOLING_SOLUTION        ; 23 MM HEAT SINK WITH 200 LFPM AIRFLOW  ; --            ; --          ; --                 ;
; PROJECT_OUTPUT_DIRECTORY             ; output_files                           ; --            ; --          ; --                 ;
+--------------------------------------+----------------------------------------+---------------+-------------+--------------------+


+--------------------------------------------------------------------------------------------------------------------------+
; Flow Elapsed Time                                                                                                        ;
+----------------------+--------------+-------------------------+---------------------+------------------------------------+
; Module Name          ; Elapsed Time ; Average Processors Used ; Peak Virtual Memory ; Total CPU Time (on all processors) ;
+----------------------+--------------+-------------------------+---------------------+------------------------------------+
; Analysis & Synthesis ; 00:00:08     ; 1.0                     ; 4878 MB             ; 00:00:09                           ;
; Fitter               ; 00:00:45     ; 1.0                     ; 6622 MB             ; 00:00:16                           ;
; Assembler            ; 00:00:02     ; 1.0                     ; 4717 MB             ; 00:00:02                           ;
; Timing Analyzer      ; 00:00:03     ; 1.3                     ; 4941 MB             ; 00:00:01                           ;
; EDA Netlist Writer   ; 00:00:00     ; 1.0                     ; 4651 MB             ; 00:00:00                           ;
; Total                ; 00:00:58     ; --                      ; --                  ; 00:00:28                           ;
+----------------------+--------------+-------------------------+---------------------+------------------------------------+


+------------------------------------------------------------------------------------+
; Flow OS Summary                                                                    ;
+----------------------+------------------+------------+------------+----------------+
; Module Name          ; Machine Hostname ; OS Name    ; OS Version ; Processor type ;
+----------------------+------------------+------------+------------+----------------+
; Analysis & Synthesis ; BrisaItzel       ; Windows 10 ; 10.0       ; x86_64         ;
; Fitter               ; BrisaItzel       ; Windows 10 ; 10.0       ; x86_64         ;
; Assembler            ; BrisaItzel       ; Windows 10 ; 10.0       ; x86_64         ;
; Timing Analyzer      ; BrisaItzel       ; Windows 10 ; 10.0       ; x86_64         ;
; EDA Netlist Writer   ; BrisaItzel       ; Windows 10 ; 10.0       ; x86_64         ;
+----------------------+------------------+------------+------------+----------------+


------------
; Flow Log ;
------------
quartus_map --read_settings_files=on --write_settings_files=off InvAddRoundKey -c InvAddRoundKey
quartus_fit --read_settings_files=off --write_settings_files=off InvAddRoundKey -c InvAddRoundKey
quartus_asm --read_settings_files=off --write_settings_files=off InvAddRoundKey -c InvAddRoundKey
quartus_sta InvAddRoundKey -c InvAddRoundKey
quartus_eda --read_settings_files=off --write_settings_files=off InvAddRoundKey -c InvAddRoundKey



